[2025-10-19T04:51:10.560Z] 🟡 Menjalankan perintah: npm install puppeteer-core
[2025-10-19T04:53:26.518Z] ✅ Selesai (npm install puppeteer-core) -> code: 217
[2025-10-19T05:04:22.813Z] 🟡 Menjalankan perintah: npm list puppeteer-core
[2025-10-19T05:04:26.671Z] ✅ Selesai (npm list puppeteer-core) -> code: 0
[2025-10-19T05:07:36.288Z] 🟡 Menjalankan perintah: npm install puppeteer-core --save
[2025-10-19T05:08:41.583Z] ✅ Selesai (npm install puppeteer-core --save) -> code: 217
[2025-10-19T06:50:27.807Z] 🟡 Menjalankan perintah: ls
[2025-10-19T06:50:27.920Z] ✅ Selesai (ls) -> code: 0
[2025-10-19T16:38:16.939Z] 🟡 Menjalankan perintah: ls
[2025-10-19T16:38:17.033Z] ✅ Selesai (ls) -> code: 0
[2025-10-19T17:43:53.591Z] 🟡 Menjalankan perintah: ls
[2025-10-19T17:43:53.685Z] ✅ Selesai (ls) -> code: 0
[2025-10-19T19:29:38.915Z] 🟡 Menjalankan perintah: ls
[2025-10-19T19:29:38.999Z] ✅ Selesai (ls) -> code: 0
[2025-10-19T22:07:42.386Z] 🟡 Menjalankan perintah: npm list node-fetch
[2025-10-19T22:07:46.121Z] ✅ Selesai (npm list node-fetch) -> code: 1
[2025-10-19T22:07:52.555Z] 🟡 Menjalankan perintah: npm list node-fetch
[2025-10-19T22:07:54.566Z] ✅ Selesai (npm list node-fetch) -> code: 1
[2025-10-19T22:09:18.291Z] 🟡 Menjalankan perintah: npm install node-fetch
[2025-10-19T22:10:13.698Z] ✅ Selesai (npm install node-fetch) -> code: 217
[2025-10-19T22:22:49.156Z] 🟡 Menjalankan perintah: node -v
[2025-10-19T22:22:49.457Z] ✅ Selesai (node -v) -> code: 0
